To record the best scored confs:

------------------------------------------
[conf1] 2016.11.11 (dev1.13) -> 93.2

file_train:../train.right
file_dev:../dev.right
file_test:../test.right
update_mode:1
drop_is_drop:1
loss_mode:2
rloss_exp:0
rloss_alpha:2
embed_wl:../w2v/words.lst
embed_em:../w2v/embeddings.txt
tr_lrate:0.1
mss:o-blstm_size-100
mss:o-blstm_remainembed-0
margin:2
fss:a5  
mss:o-param_num-2       
mss:o-layer_del-1
------------------------------------------
[conf2] 2016.11.17 -> 93.4
(here fss is default "", and what might be changed? -> blstm_size:160, fss:a5, tr_iters:10)
(currently the best is to set blstm_size:160)

file_train:../train.right
file_dev:../dev.right
file_test:../test.right
update_mode:1
drop_is_drop:1
loss_mode:2
rloss_exp:0
rloss_alpha:2
embed_wl:../w2v/words.lst
embed_em:../w2v/embeddings.txt
tr_lrate:0.05
mss:o-blstm_size-100
mss:o-blstm_remainembed-0
margin:2
mss:o-param_num-2       
mss:o-layer_del-1
------------------------------------------
[conf-table1] 2016.11.25 (run the table 1 for searching)(yyb)

file_train:../train.right
file_dev:../dev.right
file_test:../test.right
update_mode:2
drop_is_drop:1
loss_mode:0
embed_wl:../w2v/50.wl
embed_em:../w2v/50.em
tr_lrate:0.05
mss:o-blstm_size-160
mss:o-blstm_remainembed-0
margin:2
mss:o-param_num-2       
mss:o-layer_del-1
------------------------------------------
[conf-table2] 2016.12.9 (run the table 2 for training)(yyb)

file_train:../train.right
file_dev:../dev.right
file_test:../test.right
update_mode:2
drop_is_drop:1
loss_mode:0
embed_wl:../w2v/50.wl
embed_em:../w2v/50.em
tr_lrate:0.05
mss:o-blstm_size-160
mss:o-blstm_remainembed-0
margin:2
mss:o-param_num-2       
mss:o-layer_del-1
recomb_mode:1
recomb_div:1
beam_div:6
------------------------------------------
[conf-table2plus] 2016.12.14 (run the table 2 +plus for training)(yyb)

file_train:../train.right
file_dev:../dev.right
file_test:../test.right
update_mode:2
drop_is_drop:1
loss_mode:0
rloss_exp:0
rloss_alpha:2
embed_wl:../w2v/50.wl
embed_em:../w2v/50.em
tr_lrate:0.05
mss:o-blstm_size-160
mss:o-blstm_remainembed-0
margin:2
mss:o-param_num-2       
mss:o-layer_del-1
recomb_mode:1
recomb_div:1
beam_div:6
------------------------------------------
[conf3] 2016.12.18 -> 93.5 or less (beam-div could vary)

file_train:../train.right
file_dev:../dev.right
file_test:../test.right
update_mode:1
drop_is_drop:1
loss_mode:2
rloss_exp:0
rloss_alpha:2
embed_wl:../w2v/words.lst
embed_em:../w2v/embeddings.txt
tr_lrate:0.05
mss:o-blstm_size-100
mss:o-blstm_remainembed-0
margin:2
mss:o-param_num-2       
mss:o-layer_del-1
mss:o-blstm_size-160
tr_iters:16
tr_cut_iters:100 
tr_cut_sthres:0.0005 
mss:h0-d0.2
beam_div:6
------------------------------------------
[conf-tuning] 2016.12.22 (final tuning on yyb)

file_train:../train.right
file_dev:../dev.right
file_test:../test.right
update_mode:1
drop_is_drop:1
loss_mode:2
rloss_exp:0
rloss_alpha:2
embed_wl:../w2v/50.wl
embed_em:../w2v/50.em
tr_lrate:0.05
mss:o-blstm_size-160
mss:o-blstm_remainembed-0
margin:2
mss:o-param_num-2       
mss:o-layer_del-1
tr_iters:16
tr_cut_sthres:0.0005
tr_cut_iters:4
mss:h0-d0.2
beam_div:4
------------------------------------------
[conf-final] 2016.12.31 (final one: the end)

file_train:../train.right
file_dev:../dev.right
file_test:../test.right
update_mode:1
drop_is_drop:1
loss_mode:2
rloss_exp:0
rloss_alpha:2
embed_wl:../w2v/50.wl
embed_em:../w2v/50.em
tr_lrate:0.05
mss:o-blstm_size-160
mss:o-blstm_remainembed-0
margin:2
mss:o-param_num-2       
mss:o-layer_del-1
tr_iters:16
tr_cut_sthres:0.0005
tr_cut_iters:4
mss:h0-d0.1
beam_div:6
